<?xml version="1.0" encoding="UTF-8"?>
<testsuites name="Mocha Tests" time="13.8290" tests="3" failures="0">
  <testsuite name="Root Suite" timestamp="2022-09-13T18:19:08" tests="0" file="cypress\e2e\test\Suites\GX-367\AlertFrameWindow.cy.js" time="0.0000" failures="0">
  </testsuite>
  <testsuite name="US 107 : ToolsQA | Alert-Frame-Window | Browser Windows" timestamp="2022-09-13T18:19:08" tests="3" time="13.8110" failures="0">
    <testcase name="US 107 | TS 261 | TC 01 - Validate a new browser tab window to click the button named New Tab" time="8.1980" classname="US 107 : ToolsQA | Alert-Frame-Window | Browser Windows US 107 | TS 261 | TC 01 - Validate a new browser tab window to click the button named New Tab">
    </testcase>
    <testcase name="US 107 | TS 261 | TC 02 - Validate handling a new pop-up window by clicking on the button named New Window" time="3.6700" classname="US 107 : ToolsQA | Alert-Frame-Window | Browser Windows US 107 | TS 261 | TC 02 - Validate handling a new pop-up window by clicking on the button named New Window">
    </testcase>
    <testcase name="US 107 | TS 261 | TC 03 - Validate handling a new pop-up window message by clicking on the button named New Window Message" time="1.9100" classname="US 107 : ToolsQA | Alert-Frame-Window | Browser Windows US 107 | TS 261 | TC 03 - Validate handling a new pop-up window message by clicking on the button named New Window Message">
    </testcase>
  </testsuite>
</testsuites>