<?xml version="1.0" encoding="UTF-8"?>
<testsuites name="Mocha Tests" time="14.3820" tests="2" failures="0">
  <testsuite name="Root Suite" timestamp="2022-09-20T02:14:51" tests="0" file="cypress\e2e\test\Suites\MyStore-GX-524\home.listaProdVisibles.cy.js" time="0.0000" failures="0">
  </testsuite>
  <testsuite name="MyStore: Home-ListaProductosVisibles" timestamp="2022-09-20T02:14:51" tests="2" time="14.3660" failures="0">
    <testcase name="TC1: Validar cantidad de elementos de la secci贸n &quot;POPULAR&quot;" time="9.4780" classname="MyStore: Home-ListaProductosVisibles TC1: Validar cantidad de elementos de la secci贸n &quot;POPULAR&quot;">
    </testcase>
    <testcase name="TC1: Validar cantidad de elementos de la secci贸n &quot;BEST SELLERS&quot;" time="1.6200" classname="MyStore: Home-ListaProductosVisibles TC1: Validar cantidad de elementos de la secci贸n &quot;BEST SELLERS&quot;">
    </testcase>
  </testsuite>
</testsuites>