<?xml version="1.0" encoding="UTF-8"?>
<testsuites name="Mocha Tests" time="10.9750" tests="2" failures="0">
  <testsuite name="Root Suite" timestamp="2022-10-07T23:37:59" tests="0" file="cypress\e2e\test\Suites\GX-1019\ToolsQA.Elements.UploadAndDownload.cy.js" time="0.0000" failures="0">
  </testsuite>
  <testsuite name="ToolsQA | Elements | Upload and Download" timestamp="2022-10-07T23:37:59" tests="2" time="10.9590" failures="0">
    <testcase name="US-1019 | TS-1026 | TC1: Validate the download of a file in the PC download folder, when we select the &apos;download&apos; button" time="8.6880" classname="ToolsQA | Elements | Upload and Download US-1019 | TS-1026 | TC1: Validate the download of a file in the PC download folder, when we select the &apos;download&apos; button">
    </testcase>
    <testcase name="US-1019 | TS-1026 | TC2: Validate loading a file in the pc explorer when the &apos;choose file&apos; button is selected" time="2.2420" classname="ToolsQA | Elements | Upload and Download US-1019 | TS-1026 | TC2: Validate loading a file in the pc explorer when the &apos;choose file&apos; button is selected">
    </testcase>
  </testsuite>
</testsuites>